<?xml version="1.0" encoding="UTF-8"?>
<!-- Generated by org.testng.reporters.JUnitReportReporter -->
<testsuite skipped="0" hostname="DESKTOP-D1N0APU" name="Hemanth.verifyforgotPWD" tests="1" failures="0" timestamp="2021-04-19T09:43:14 IST" time="1.569" errors="0">
  <testcase name="title" time="1.569" classname="Hemanth.verifyforgotPWD"/>
  <system-out/>
</testsuite> <!-- Hemanth.verifyforgotPWD -->
