<?xml version="1.0" encoding="UTF-8"?>
<!-- Generated by org.testng.reporters.JUnitReportReporter -->
<testsuite skipped="0" hostname="DESKTOP-D1N0APU" name="Hemanth.HomePage" tests="2" failures="0" timestamp="2021-04-19T09:43:14 IST" time="16.923" errors="0">
  <testcase name="basePageNavigation" time="2.330" classname="Hemanth.HomePage"/>
  <system-out/>
  <testcase name="basePageNavigation" time="14.593" classname="Hemanth.HomePage"/>
  <system-out/>
</testsuite> <!-- Hemanth.HomePage -->
