<?xml version="1.0" encoding="UTF-8"?>
<!-- Generated by org.testng.reporters.JUnitReportReporter -->
<testsuite skipped="0" hostname="DESKTOP-D1N0APU" name="Hemanth.AppTest" tests="1" failures="0" timestamp="2021-04-18T08:52:36 IST" time="0.007" errors="0">
  <testcase name="shouldAnswerWithTrue" time="0.007" classname="Hemanth.AppTest"/>
  <system-out/>
</testsuite> <!-- Hemanth.AppTest -->
