<?xml version="1.0" encoding="UTF-8"?>
<!-- Generated by org.testng.reporters.JUnitReportReporter -->
<testsuite hostname="DESKTOP-D1N0APU" failures="0" tests="1" name="Hemanth.verifyTitle" time="1.648" errors="0" timestamp="2021-05-16T08:55:37 IST" skipped="0">
  <testcase classname="Hemanth.verifyTitle" name="title" time="1.648"/>
  <system-out/>
</testsuite> <!-- Hemanth.verifyTitle -->
