<?xml version="1.0" encoding="UTF-8"?>
<!-- Generated by org.testng.reporters.JUnitReportReporter -->
<testsuite hostname="DESKTOP-D1N0APU" failures="0" tests="1" name="Hemanth.verifyforgotPWD" time="5.851" errors="0" timestamp="2021-05-16T08:55:37 IST" skipped="0">
  <testcase classname="Hemanth.verifyforgotPWD" name="title" time="5.851"/>
  <system-out/>
</testsuite> <!-- Hemanth.verifyforgotPWD -->
