<?xml version="1.0" encoding="UTF-8"?>
<!-- Generated by org.testng.reporters.JUnitReportReporter -->
<testsuite hostname="DESKTOP-D1N0APU" failures="0" tests="1" name="Hemanth.verifyNAVBar" time="0.750" errors="0" timestamp="2021-05-16T08:55:37 IST" skipped="0">
  <testcase classname="Hemanth.verifyNAVBar" name="navBar" time="0.750"/>
  <system-out/>
</testsuite> <!-- Hemanth.verifyNAVBar -->
